<?xml version="1.0" encoding="UTF-8"?>
<!-- Generated by org.testng.reporters.JUnitReportReporter -->
<testsuite skipped="0" hostname="00620JNBPBB007L" name="com.wipro.asg.LoadProperty" tests="1" failures="0" timestamp="24 Jan 2021 15:08:06 GMT" time="0.015" errors="0">
  <testcase name="test" time="0.015" classname="com.wipro.asg.LoadProperty"/>
</testsuite> <!-- com.wipro.asg.LoadProperty -->
